[debug] [2026-07-03T09:16:33.039Z] ----------------------------------------------------------------------
[debug] [2026-07-03T09:16:33.043Z] Command:       C:\Program Files\nodejs\node.exe C:\Users\Mike\AppData\Roaming\npm\node_modules\firebase-tools\lib\bin\firebase.js init functions
[debug] [2026-07-03T09:16:33.044Z] CLI Version:   15.22.4
[debug] [2026-07-03T09:16:33.044Z] Platform:      win32
[debug] [2026-07-03T09:16:33.044Z] Node Version:  v24.18.0
[debug] [2026-07-03T09:16:33.044Z] Detected Agent: unknown
[debug] [2026-07-03T09:16:33.044Z] Time:          Fri Jul 03 2026 12:16:33 GMT+0300 (East Africa Time)
[debug] [2026-07-03T09:16:33.045Z] ----------------------------------------------------------------------
[debug] 
[info] 
     ######## #### ########  ######## ########     ###     ######  ########
     ##        ##  ##     ## ##       ##     ##  ##   ##  ##       ##
     ######    ##  ########  ######   ########  #########  ######  ######
     ##        ##  ##    ##  ##       ##     ## ##     ##       ## ##
     ##       #### ##     ## ######## ########  ##     ##  ######  ########

You're about to initialize a Firebase project in this directory:

  D:\MOG-Learn\sword institute

[info] 
=== Project Setup
[info] 
[info] First, let's associate this project directory with a Firebase project.
[info] You can create multiple project aliases by running firebase use --add, 
[info] 
[debug] [2026-07-03T09:17:16.778Z] > command requires scopes: ["email","openid","https://www.googleapis.com/auth/cloudplatformprojects.readonly","https://www.googleapis.com/auth/firebase","https://www.googleapis.com/auth/cloud-platform"]
[debug] [2026-07-03T09:17:16.779Z] > authorizing via signed-in user (mcgwara43@gmail.com)
[debug] [2026-07-03T09:17:16.781Z] Checked if tokens are valid: false, expires at: 1783068146369
[debug] [2026-07-03T09:17:16.782Z] Checked if tokens are valid: false, expires at: 1783068146369
[debug] [2026-07-03T09:17:16.782Z] > refreshing access token with scopes: []
[debug] [2026-07-03T09:17:16.785Z] >>> [apiv2][query] POST https://www.googleapis.com/oauth2/v3/token [none]
[debug] [2026-07-03T09:17:16.786Z] >>> [apiv2][body] POST https://www.googleapis.com/oauth2/v3/token [omitted]
[debug] [2026-07-03T09:17:17.545Z] <<< [apiv2][status] POST https://www.googleapis.com/oauth2/v3/token 200
[debug] [2026-07-03T09:17:17.545Z] <<< [apiv2][body] POST https://www.googleapis.com/oauth2/v3/token [omitted]
[debug] [2026-07-03T09:17:17.560Z] >>> [apiv2][query] GET https://firebase.googleapis.com/v1beta1/projects pageSize=100
[debug] [2026-07-03T09:17:18.383Z] <<< [apiv2][status] GET https://firebase.googleapis.com/v1beta1/projects 200
[debug] [2026-07-03T09:17:18.384Z] <<< [apiv2][body] GET https://firebase.googleapis.com/v1beta1/projects [omitted]
[info] 
=== Functions Setup
[debug] [2026-07-03T09:17:35.690Z] > command requires scopes: ["email","openid","https://www.googleapis.com/auth/cloudplatformprojects.readonly","https://www.googleapis.com/auth/firebase","https://www.googleapis.com/auth/cloud-platform"]
[debug] [2026-07-03T09:17:35.691Z] > authorizing via signed-in user (mcgwara43@gmail.com)
[debug] [2026-07-03T09:17:35.691Z] [iam] checking project sword-institute-lms for permissions ["firebase.projects.get"]
[debug] [2026-07-03T09:17:35.691Z] Checked if tokens are valid: true, expires at: 1783073836545
[debug] [2026-07-03T09:17:35.691Z] Checked if tokens are valid: true, expires at: 1783073836545
[debug] [2026-07-03T09:17:35.691Z] >>> [apiv2][query] POST https://cloudresourcemanager.googleapis.com/v1/projects/sword-institute-lms:testIamPermissions [none]
[debug] [2026-07-03T09:17:35.691Z] >>> [apiv2][(partial)header] POST https://cloudresourcemanager.googleapis.com/v1/projects/sword-institute-lms:testIamPermissions  x-goog-user-project=sword-institute-lms
[debug] [2026-07-03T09:17:35.692Z] >>> [apiv2][body] POST https://cloudresourcemanager.googleapis.com/v1/projects/sword-institute-lms:testIamPermissions {"permissions":["firebase.projects.get"]}
[debug] [2026-07-03T09:17:37.793Z] <<< [apiv2][status] POST https://cloudresourcemanager.googleapis.com/v1/projects/sword-institute-lms:testIamPermissions 200
[debug] [2026-07-03T09:17:37.794Z] <<< [apiv2][body] POST https://cloudresourcemanager.googleapis.com/v1/projects/sword-institute-lms:testIamPermissions {"permissions":["firebase.projects.get"]}
[debug] [2026-07-03T09:17:37.796Z] Checked if tokens are valid: true, expires at: 1783073836545
[debug] [2026-07-03T09:17:37.796Z] Checked if tokens are valid: true, expires at: 1783073836545
[debug] [2026-07-03T09:17:37.797Z] Checked if tokens are valid: true, expires at: 1783073836545
[debug] [2026-07-03T09:17:37.797Z] Checked if tokens are valid: true, expires at: 1783073836545
[debug] [2026-07-03T09:17:37.797Z] >>> [apiv2][query] GET https://serviceusage.googleapis.com/v1/projects/sword-institute-lms/services/cloudfunctions.googleapis.com [none]
[debug] [2026-07-03T09:17:37.798Z] >>> [apiv2][(partial)header] GET https://serviceusage.googleapis.com/v1/projects/sword-institute-lms/services/cloudfunctions.googleapis.com  x-goog-user-project=sword-institute-lms
[debug] [2026-07-03T09:17:37.799Z] >>> [apiv2][query] GET https://serviceusage.googleapis.com/v1/projects/sword-institute-lms/services/runtimeconfig.googleapis.com [none]
[debug] [2026-07-03T09:17:37.800Z] >>> [apiv2][(partial)header] GET https://serviceusage.googleapis.com/v1/projects/sword-institute-lms/services/runtimeconfig.googleapis.com  x-goog-user-project=sword-institute-lms
[debug] [2026-07-03T09:17:39.714Z] <<< [apiv2][status] GET https://serviceusage.googleapis.com/v1/projects/sword-institute-lms/services/cloudfunctions.googleapis.com 200
[debug] [2026-07-03T09:17:39.715Z] <<< [apiv2][body] GET https://serviceusage.googleapis.com/v1/projects/sword-institute-lms/services/cloudfunctions.googleapis.com [omitted]
[debug] [2026-07-03T09:17:39.715Z] Checked if tokens are valid: true, expires at: 1783073836545
[debug] [2026-07-03T09:17:39.715Z] Checked if tokens are valid: true, expires at: 1783073836545
[debug] [2026-07-03T09:17:39.716Z] >>> [apiv2][query] POST https://serviceusage.googleapis.com/v1/projects/sword-institute-lms/services/cloudfunctions.googleapis.com:enable [none]
[debug] [2026-07-03T09:17:39.716Z] >>> [apiv2][(partial)header] POST https://serviceusage.googleapis.com/v1/projects/sword-institute-lms/services/cloudfunctions.googleapis.com:enable  x-goog-user-project=sword-institute-lms
[debug] [2026-07-03T09:17:40.114Z] <<< [apiv2][status] GET https://serviceusage.googleapis.com/v1/projects/sword-institute-lms/services/runtimeconfig.googleapis.com 200
[debug] [2026-07-03T09:17:40.114Z] <<< [apiv2][body] GET https://serviceusage.googleapis.com/v1/projects/sword-institute-lms/services/runtimeconfig.googleapis.com [omitted]
[debug] [2026-07-03T09:17:40.643Z] <<< [apiv2][status] POST https://serviceusage.googleapis.com/v1/projects/sword-institute-lms/services/cloudfunctions.googleapis.com:enable 200
[debug] [2026-07-03T09:17:40.643Z] <<< [apiv2][body] POST https://serviceusage.googleapis.com/v1/projects/sword-institute-lms/services/cloudfunctions.googleapis.com:enable [omitted]
[info] Let's create a new codebase for your functions.
[info] A directory corresponding to the codebase will be created in your project
[info] with sample code pre-configured.

[info] See https://firebase.google.com/docs/functions/organize-functions for
[info] more information on organizing your functions using codebases.

[info] Functions can be deployed with firebase deploy.

